<?xml version="1.0" encoding="UTF-8"?>
<!-- Generated by org.testng.reporters.JUnitReportReporter -->
<testsuite hostname="Rajesh" failures="1" tests="77" name="runner.TestRunner" time="425.270" errors="0" timestamp="2023-08-22T18:14:55 EDT" skipped="0">
  <testcase classname="runner.TestRunner" name="runScenario" time="5.385"/>
  <testcase classname="runner.TestRunner" name="runScenario" time="2.434"/>
  <testcase classname="runner.TestRunner" name="runScenario" time="2.635"/>
  <testcase classname="runner.TestRunner" name="runScenario" time="2.764"/>
  <testcase classname="runner.TestRunner" name="runScenario" time="6.013"/>
  <testcase classname="runner.TestRunner" name="runScenario" time="2.206"/>
  <testcase classname="runner.TestRunner" name="runScenario" time="2.353"/>
  <testcase classname="runner.TestRunner" name="runScenario" time="6.443"/>
  <testcase classname="runner.TestRunner" name="runScenario" time="2.571"/>
  <testcase classname="runner.TestRunner" name="runScenario" time="6.608"/>
  <testcase classname="runner.TestRunner" name="runScenario" time="1.929"/>
  <testcase classname="runner.TestRunner" name="runScenario" time="5.310"/>
  <testcase classname="runner.TestRunner" name="runScenario" time="2.079"/>
  <testcase classname="runner.TestRunner" name="runScenario" time="15.909"/>
  <testcase classname="runner.TestRunner" name="runScenario" time="2.607"/>
  <testcase classname="runner.TestRunner" name="runScenario" time="8.353"/>
  <testcase classname="runner.TestRunner" name="runScenario" time="2.454"/>
  <testcase classname="runner.TestRunner" name="runScenario" time="5.746"/>
  <testcase classname="runner.TestRunner" name="runScenario" time="2.462"/>
  <testcase classname="runner.TestRunner" name="runScenario" time="5.643"/>
  <testcase classname="runner.TestRunner" name="runScenario" time="2.533"/>
  <testcase classname="runner.TestRunner" name="runScenario" time="2.360"/>
  <testcase classname="runner.TestRunner" name="runScenario" time="6.486"/>
  <testcase classname="runner.TestRunner" name="runScenario" time="2.192"/>
  <testcase classname="runner.TestRunner" name="runScenario" time="2.142"/>
  <testcase classname="runner.TestRunner" name="runScenario" time="3.653"/>
  <testcase classname="runner.TestRunner" name="runScenario" time="4.555"/>
  <testcase classname="runner.TestRunner" name="runScenario" time="2.113"/>
  <testcase classname="runner.TestRunner" name="runScenario" time="2.093"/>
  <testcase classname="runner.TestRunner" name="runScenario" time="5.513"/>
  <testcase classname="runner.TestRunner" name="runScenario" time="5.982"/>
  <testcase classname="runner.TestRunner" name="runScenario" time="1.879"/>
  <testcase classname="runner.TestRunner" name="runScenario" time="2.600"/>
  <testcase classname="runner.TestRunner" name="runScenario" time="2.577"/>
  <testcase classname="runner.TestRunner" name="runScenario" time="2.220"/>
  <testcase classname="runner.TestRunner" name="runScenario" time="15.860"/>
  <testcase classname="runner.TestRunner" name="runScenario" time="28.813"/>
  <testcase classname="runner.TestRunner" name="runScenario" time="2.799"/>
  <testcase classname="runner.TestRunner" name="runScenario" time="5.980"/>
  <testcase classname="runner.TestRunner" name="runScenario" time="2.407"/>
  <testcase classname="runner.TestRunner" name="runScenario" time="15.724"/>
  <testcase classname="runner.TestRunner" name="runScenario" time="15.316"/>
  <testcase classname="runner.TestRunner" name="runScenario" time="5.171"/>
  <testcase classname="runner.TestRunner" name="runScenario" time="2.267"/>
  <testcase classname="runner.TestRunner" name="runScenario" time="5.324"/>
  <testcase classname="runner.TestRunner" name="runScenario" time="5.915"/>
  <testcase classname="runner.TestRunner" name="runScenario" time="2.235"/>
  <testcase classname="runner.TestRunner" name="runScenario" time="2.099"/>
  <testcase classname="runner.TestRunner" name="runScenario" time="5.808"/>
  <testcase classname="runner.TestRunner" name="runScenario" time="15.583"/>
  <testcase classname="runner.TestRunner" name="runScenario" time="2.558"/>
  <testcase classname="runner.TestRunner" name="runScenario" time="15.142"/>
  <testcase classname="runner.TestRunner" name="runScenario" time="5.640"/>
  <testcase classname="runner.TestRunner" name="runScenario" time="2.520"/>
  <testcase classname="runner.TestRunner" name="runScenario" time="2.222"/>
  <testcase classname="runner.TestRunner" name="runScenario" time="2.147"/>
  <testcase classname="runner.TestRunner" name="runScenario" time="2.270"/>
  <testcase classname="runner.TestRunner" name="runScenario" time="15.609"/>
  <testcase classname="runner.TestRunner" name="runScenario" time="3.445"/>
  <testcase classname="runner.TestRunner" name="runScenario" time="2.649">
    <failure message="expected [https://dsportalapp.herokuapp.com/home] but found [https://dsportalapp.herokuapp.com/register]" type="java.lang.AssertionError">
      <![CDATA[java.lang.AssertionError: expected [https://dsportalapp.herokuapp.com/home] but found [https://dsportalapp.herokuapp.com/register]
at org.testng.Assert.fail(Assert.java:111)
at org.testng.Assert.failNotEquals(Assert.java:1578)
at org.testng.Assert.assertEqualsImpl(Assert.java:150)
at org.testng.Assert.assertEquals(Assert.java:132)
at org.testng.Assert.assertEquals(Assert.java:656)
at org.testng.Assert.assertEquals(Assert.java:666)
at pageObject.RegisterPage.assertUrl(RegisterPage.java:144)
at defenitions.Register.navigates_to_home_page(Register.java:54)
at âœ½.Navigates to home page(file:///C:/Manju/SDET/ds-algoproject/src/test/resources/features/register.feature:11)
]]>
    </failure>
  </testcase> <!-- runScenario -->
  <testcase classname="runner.TestRunner" name="runScenario" time="5.820"/>
  <testcase classname="runner.TestRunner" name="runScenario" time="2.826"/>
  <testcase classname="runner.TestRunner" name="runScenario" time="6.087"/>
  <testcase classname="runner.TestRunner" name="runScenario" time="5.653"/>
  <testcase classname="runner.TestRunner" name="runScenario" time="4.763"/>
  <testcase classname="runner.TestRunner" name="runScenario" time="2.558"/>
  <testcase classname="runner.TestRunner" name="runScenario" time="15.365"/>
  <testcase classname="runner.TestRunner" name="runScenario" time="1.993"/>
  <testcase classname="runner.TestRunner" name="runScenario" time="2.435"/>
  <testcase classname="runner.TestRunner" name="runScenario" time="5.703"/>
  <testcase classname="runner.TestRunner" name="runScenario" time="2.662"/>
  <testcase classname="runner.TestRunner" name="runScenario" time="5.665"/>
  <testcase classname="runner.TestRunner" name="runScenario" time="5.971"/>
  <testcase classname="runner.TestRunner" name="runScenario" time="3.073"/>
  <testcase classname="runner.TestRunner" name="runScenario" time="2.431"/>
  <testcase classname="runner.TestRunner" name="runScenario" time="16.001"/>
  <testcase classname="runner.TestRunner" name="runScenario" time="9.959"/>
</testsuite> <!-- runner.TestRunner -->
